# JRE version: Java(TM) SE Runtime Environment (8.0_77-b03) (build 1.8.0_77-b03)
# Java VM: Java HotSpot(TM) 64-Bit Server VM (25.77-b03 mixed mode windows-amd64 compressed oops)
Heap:
 PSYoungGen      total 167936K, used 83362K [0x00000000eab00000, 0x00000000f6000000, 0x0000000100000000)
  eden space 151552K, 55% used [0x00000000eab00000,0x00000000efc688d0,0x00000000f3f00000)
  from space 16384K, 0% used [0x00000000f5000000,0x00000000f5000000,0x00000000f6000000)
  to   space 16896K, 0% used [0x00000000f3f00000,0x00000000f3f00000,0x00000000f4f80000)
 ParOldGen       total 82432K, used 36086K [0x00000000c0000000, 0x00000000c5080000, 0x00000000eab00000)
  object space 82432K, 43% used [0x00000000c0000000,0x00000000c233d838,0x00000000c5080000)
 Metaspace       used 69136K, capacity 76246K, committed 78208K, reserved 1118208K
  class space    used 8723K, capacity 9165K, committed 9600K, reserved 1048576K
GC Heap History (10 events):
Event: 28191.879 GC heap before
{Heap before GC invocations=135 (full 43):
 PSYoungGen      total 158720K, used 148831K [0x00000000eab00000, 0x00000000f6a00000, 0x0000000100000000)
  eden space 156672K, 94% used [0x00000000eab00000,0x00000000f3c57f60,0x00000000f4400000)
  from space 2048K, 0% used [0x00000000f4580000,0x00000000f4580000,0x00000000f4780000)
  to   space 18944K, 0% used [0x00000000f5780000,0x00000000f5780000,0x00000000f6a00000)
 ParOldGen       total 82432K, used 35494K [0x00000000c0000000, 0x00000000c5080000, 0x00000000eab00000)
  object space 82432K, 43% used [0x00000000c0000000,0x00000000c22a9850,0x00000000c5080000)
 Metaspace       used 68932K, capacity 75740K, committed 77824K, reserved 1118208K
  class space    used 8671K, capacity 9048K, committed 9472K, reserved 1048576K
Event: 28191.910 GC heap after
Heap after GC invocations=135 (full 43):
 PSYoungGen      total 173568K, used 1671K [0x00000000eab00000, 0x00000000f6800000, 0x0000000100000000)
  eden space 156672K, 0% used [0x00000000eab00000,0x00000000eab00000,0x00000000f4400000)
  from space 16896K, 9% used [0x00000000f5780000,0x00000000f5921e50,0x00000000f6800000)
  to   space 18432K, 0% used [0x00000000f4400000,0x00000000f4400000,0x00000000f5600000)
 ParOldGen       total 82432K, used 35494K [0x00000000c0000000, 0x00000000c5080000, 0x00000000eab00000)
  object space 82432K, 43% used [0x00000000c0000000,0x00000000c22a9850,0x00000000c5080000)
 Metaspace       used 68932K, capacity 75740K, committed 77824K, reserved 1118208K
  class space    used 8671K, capacity 9048K, committed 9472K, reserved 1048576K
}
Event: 28191.910 GC heap before
{Heap before GC invocations=136 (full 44):
 PSYoungGen      total 173568K, used 1671K [0x00000000eab00000, 0x00000000f6800000, 0x0000000100000000)
  eden space 156672K, 0% used [0x00000000eab00000,0x00000000eab00000,0x00000000f4400000)
  from space 16896K, 9% used [0x00000000f5780000,0x00000000f5921e50,0x00000000f6800000)
  to   space 18432K, 0% used [0x00000000f4400000,0x00000000f4400000,0x00000000f5600000)
 ParOldGen       total 82432K, used 35494K [0x00000000c0000000, 0x00000000c5080000, 0x00000000eab00000)
  object space 82432K, 43% used [0x00000000c0000000,0x00000000c22a9850,0x00000000c5080000)
 Metaspace       used 68932K, capacity 75740K, committed 77824K, reserved 1118208K
  class space    used 8671K, capacity 9048K, committed 9472K, reserved 1048576K
Event: 28192.369 GC heap after
Heap after GC invocations=136 (full 44):
 PSYoungGen      total 173568K, used 0K [0x00000000eab00000, 0x00000000f6800000, 0x0000000100000000)
  eden space 156672K, 0% used [0x00000000eab00000,0x00000000eab00000,0x00000000f4400000)
  from space 16896K, 0% used [0x00000000f5780000,0x00000000f5780000,0x00000000f6800000)
  to   space 18432K, 0% used [0x00000000f4400000,0x00000000f4400000,0x00000000f5600000)
 ParOldGen       total 82432K, used 35835K [0x00000000c0000000, 0x00000000c5080000, 0x00000000eab00000)
  object space 82432K, 43% used [0x00000000c0000000,0x00000000c22fee60,0x00000000c5080000)
 Metaspace       used 68902K, capacity 75646K, committed 77824K, reserved 1118208K
  class space    used 8663K, capacity 9039K, committed 9472K, reserved 1048576K
}
Event: 28420.625 GC heap before
{Heap before GC invocations=137 (full 44):
 PSYoungGen      total 173568K, used 156672K [0x00000000eab00000, 0x00000000f6800000, 0x0000000100000000)
  eden space 156672K, 100% used [0x00000000eab00000,0x00000000f4400000,0x00000000f4400000)
  from space 16896K, 0% used [0x00000000f5780000,0x00000000f5780000,0x00000000f6800000)
  to   space 18432K, 0% used [0x00000000f4400000,0x00000000f4400000,0x00000000f5600000)
 ParOldGen       total 82432K, used 35835K [0x00000000c0000000, 0x00000000c5080000, 0x00000000eab00000)
  object space 82432K, 43% used [0x00000000c0000000,0x00000000c22fee60,0x00000000c5080000)
 Metaspace       used 69010K, capacity 75964K, committed 77824K, reserved 1118208K
  class space    used 8686K, capacity 9068K, committed 9472K, reserved 1048576K
Event: 28420.634 GC heap after
Heap after GC invocations=137 (full 44):
 PSYoungGen      total 154112K, used 2135K [0x00000000eab00000, 0x00000000f6100000, 0x0000000100000000)
  eden space 151552K, 0% used [0x00000000eab00000,0x00000000eab00000,0x00000000f3f00000)
  from space 2560K, 83% used [0x00000000f4400000,0x00000000f4615e40,0x00000000f4680000)
  to   space 17408K, 0% used [0x00000000f5000000,0x00000000f5000000,0x00000000f6100000)
 ParOldGen       total 82432K, used 35843K [0x00000000c0000000, 0x00000000c5080000, 0x00000000eab00000)
  object space 82432K, 43% used [0x00000000c0000000,0x00000000c2300e60,0x00000000c5080000)
 Metaspace       used 69010K, capacity 75964K, committed 77824K, reserved 1118208K
  class space    used 8686K, capacity 9068K, committed 9472K, reserved 1048576K
}
Event: 28431.409 GC heap before
{Heap before GC invocations=138 (full 44):
 PSYoungGen      total 154112K, used 133558K [0x00000000eab00000, 0x00000000f6100000, 0x0000000100000000)
  eden space 151552K, 86% used [0x00000000eab00000,0x00000000f2b57b50,0x00000000f3f00000)
  from space 2560K, 83% used [0x00000000f4400000,0x00000000f4615e40,0x00000000f4680000)
  to   space 17408K, 0% used [0x00000000f5000000,0x00000000f5000000,0x00000000f6100000)
 ParOldGen       total 82432K, used 35843K [0x00000000c0000000, 0x00000000c5080000, 0x00000000eab00000)
  object space 82432K, 43% used [0x00000000c0000000,0x00000000c2300e60,0x00000000c5080000)
 Metaspace       used 69083K, capacity 76140K, committed 78080K, reserved 1118208K
  class space    used 8702K, capacity 9084K, committed 9472K, reserved 1048576K
Event: 28431.441 GC heap after
Heap after GC invocations=138 (full 44):
 PSYoungGen      total 167936K, used 1959K [0x00000000eab00000, 0x00000000f6000000, 0x0000000100000000)
  eden space 151552K, 0% used [0x00000000eab00000,0x00000000eab00000,0x00000000f3f00000)
  from space 16384K, 11% used [0x00000000f5000000,0x00000000f51e9e50,0x00000000f6000000)
  to   space 16896K, 0% used [0x00000000f3f00000,0x00000000f3f00000,0x00000000f4f80000)
 ParOldGen       total 82432K, used 35843K [0x00000000c0000000, 0x00000000c5080000, 0x00000000eab00000)
  object space 82432K, 43% used [0x00000000c0000000,0x00000000c2300e60,0x00000000c5080000)
 Metaspace       used 69083K, capacity 76140K, committed 78080K, reserved 1118208K
  class space    used 8702K, capacity 9084K, committed 9472K, reserved 1048576K
}
Event: 28431.441 GC heap before
{Heap before GC invocations=139 (full 45):
 PSYoungGen      total 167936K, used 1959K [0x00000000eab00000, 0x00000000f6000000, 0x0000000100000000)
  eden space 151552K, 0% used [0x00000000eab00000,0x00000000eab00000,0x00000000f3f00000)
  from space 16384K, 11% used [0x00000000f5000000,0x00000000f51e9e50,0x00000000f6000000)
  to   space 16896K, 0% used [0x00000000f3f00000,0x00000000f3f00000,0x00000000f4f80000)
 ParOldGen       total 82432K, used 35843K [0x00000000c0000000, 0x00000000c5080000, 0x00000000eab00000)
  object space 82432K, 43% used [0x00000000c0000000,0x00000000c2300e60,0x00000000c5080000)
 Metaspace       used 69083K, capacity 76140K, committed 78080K, reserved 1118208K
  class space    used 8702K, capacity 9084K, committed 9472K, reserved 1048576K
Event: 28431.756 GC heap after
Heap after GC invocations=139 (full 45):
 PSYoungGen      total 167936K, used 0K [0x00000000eab00000, 0x00000000f6000000, 0x0000000100000000)
  eden space 151552K, 0% used [0x00000000eab00000,0x00000000eab00000,0x00000000f3f00000)
  from space 16384K, 0% used [0x00000000f5000000,0x00000000f5000000,0x00000000f6000000)
  to   space 16896K, 0% used [0x00000000f3f00000,0x00000000f3f00000,0x00000000f4f80000)
 ParOldGen       total 82432K, used 36086K [0x00000000c0000000, 0x00000000c5080000, 0x00000000eab00000)
  object space 82432K, 43% used [0x00000000c0000000,0x00000000c233d838,0x00000000c5080000)
 Metaspace       used 69030K, capacity 75964K, committed 78080K, reserved 1118208K
  class space    used 8686K, capacity 9068K, committed 9472K, reserved 1048576K
}

