# JRE version: Java(TM) SE Runtime Environment (8.0_77-b03) (build 1.8.0_77-b03)
# Java VM: Java HotSpot(TM) 64-Bit Server VM (25.77-b03 mixed mode windows-amd64 compressed oops)
Heap:
 PSYoungGen      total 202752K, used 121511K [0x00000000eab00000, 0x00000000f8800000, 0x0000000100000000)
  eden space 180736K, 67% used [0x00000000eab00000,0x00000000f21a9d90,0x00000000f5b80000)
  from space 22016K, 0% used [0x00000000f5b80000,0x00000000f5b80000,0x00000000f7100000)
  to   space 22528K, 0% used [0x00000000f7200000,0x00000000f7200000,0x00000000f8800000)
 ParOldGen       total 93696K, used 38928K [0x00000000c0000000, 0x00000000c5b80000, 0x00000000eab00000)
  object space 93696K, 41% used [0x00000000c0000000,0x00000000c2604218,0x00000000c5b80000)
 Metaspace       used 62351K, capacity 64618K, committed 64768K, reserved 1105920K
  class space    used 7999K, capacity 8416K, committed 8448K, reserved 1048576K
GC Heap History (10 events):
Event: 317.717 GC heap before
{Heap before GC invocations=25 (full 4):
 PSYoungGen      total 189952K, used 8384K [0x00000000eab00000, 0x00000000f8600000, 0x0000000100000000)
  eden space 181248K, 0% used [0x00000000eab00000,0x00000000eab00000,0x00000000f5c00000)
  from space 8704K, 96% used [0x00000000f5c00000,0x00000000f6430040,0x00000000f6480000)
  to   space 21504K, 0% used [0x00000000f7100000,0x00000000f7100000,0x00000000f8600000)
 ParOldGen       total 93696K, used 45898K [0x00000000c0000000, 0x00000000c5b80000, 0x00000000eab00000)
  object space 93696K, 48% used [0x00000000c0000000,0x00000000c2cd2a58,0x00000000c5b80000)
 Metaspace       used 61051K, capacity 62964K, committed 63232K, reserved 1103872K
  class space    used 7919K, capacity 8329K, committed 8448K, reserved 1048576K
Event: 318.103 GC heap after
Heap after GC invocations=25 (full 4):
 PSYoungGen      total 189952K, used 0K [0x00000000eab00000, 0x00000000f8600000, 0x0000000100000000)
  eden space 181248K, 0% used [0x00000000eab00000,0x00000000eab00000,0x00000000f5c00000)
  from space 8704K, 0% used [0x00000000f5c00000,0x00000000f5c00000,0x00000000f6480000)
  to   space 21504K, 0% used [0x00000000f7100000,0x00000000f7100000,0x00000000f8600000)
 ParOldGen       total 93696K, used 37969K [0x00000000c0000000, 0x00000000c5b80000, 0x00000000eab00000)
  object space 93696K, 40% used [0x00000000c0000000,0x00000000c25144c0,0x00000000c5b80000)
 Metaspace       used 60864K, capacity 62616K, committed 63232K, reserved 1103872K
  class space    used 7892K, capacity 8301K, committed 8448K, reserved 1048576K
}
Event: 682.270 GC heap before
{Heap before GC invocations=26 (full 4):
 PSYoungGen      total 189952K, used 150475K [0x00000000eab00000, 0x00000000f8600000, 0x0000000100000000)
  eden space 181248K, 83% used [0x00000000eab00000,0x00000000f3df2e70,0x00000000f5c00000)
  from space 8704K, 0% used [0x00000000f5c00000,0x00000000f5c00000,0x00000000f6480000)
  to   space 21504K, 0% used [0x00000000f7100000,0x00000000f7100000,0x00000000f8600000)
 ParOldGen       total 93696K, used 37969K [0x00000000c0000000, 0x00000000c5b80000, 0x00000000eab00000)
  object space 93696K, 40% used [0x00000000c0000000,0x00000000c25144c0,0x00000000c5b80000)
 Metaspace       used 61624K, capacity 63542K, committed 63744K, reserved 1103872K
  class space    used 7952K, capacity 8346K, committed 8448K, reserved 1048576K
Event: 682.286 GC heap after
Heap after GC invocations=26 (full 4):
 PSYoungGen      total 202240K, used 1993K [0x00000000eab00000, 0x00000000f8700000, 0x0000000100000000)
  eden space 180736K, 0% used [0x00000000eab00000,0x00000000eab00000,0x00000000f5b80000)
  from space 21504K, 9% used [0x00000000f7100000,0x00000000f72f2568,0x00000000f8600000)
  to   space 22016K, 0% used [0x00000000f5b80000,0x00000000f5b80000,0x00000000f7100000)
 ParOldGen       total 93696K, used 37977K [0x00000000c0000000, 0x00000000c5b80000, 0x00000000eab00000)
  object space 93696K, 40% used [0x00000000c0000000,0x00000000c25164c0,0x00000000c5b80000)
 Metaspace       used 61624K, capacity 63542K, committed 63744K, reserved 1103872K
  class space    used 7952K, capacity 8346K, committed 8448K, reserved 1048576K
}
Event: 682.286 GC heap before
{Heap before GC invocations=27 (full 5):
 PSYoungGen      total 202240K, used 1993K [0x00000000eab00000, 0x00000000f8700000, 0x0000000100000000)
  eden space 180736K, 0% used [0x00000000eab00000,0x00000000eab00000,0x00000000f5b80000)
  from space 21504K, 9% used [0x00000000f7100000,0x00000000f72f2568,0x00000000f8600000)
  to   space 22016K, 0% used [0x00000000f5b80000,0x00000000f5b80000,0x00000000f7100000)
 ParOldGen       total 93696K, used 37977K [0x00000000c0000000, 0x00000000c5b80000, 0x00000000eab00000)
  object space 93696K, 40% used [0x00000000c0000000,0x00000000c25164c0,0x00000000c5b80000)
 Metaspace       used 61624K, capacity 63542K, committed 63744K, reserved 1103872K
  class space    used 7952K, capacity 8346K, committed 8448K, reserved 1048576K
Event: 682.654 GC heap after
Heap after GC invocations=27 (full 5):
 PSYoungGen      total 202240K, used 0K [0x00000000eab00000, 0x00000000f8700000, 0x0000000100000000)
  eden space 180736K, 0% used [0x00000000eab00000,0x00000000eab00000,0x00000000f5b80000)
  from space 21504K, 0% used [0x00000000f7100000,0x00000000f7100000,0x00000000f8600000)
  to   space 22016K, 0% used [0x00000000f5b80000,0x00000000f5b80000,0x00000000f7100000)
 ParOldGen       total 93696K, used 38942K [0x00000000c0000000, 0x00000000c5b80000, 0x00000000eab00000)
  object space 93696K, 41% used [0x00000000c0000000,0x00000000c26079c8,0x00000000c5b80000)
 Metaspace       used 61598K, capacity 63454K, committed 63744K, reserved 1103872K
  class space    used 7944K, capacity 8338K, committed 8448K, reserved 1048576K
}
Event: 946.266 GC heap before
{Heap before GC invocations=28 (full 5):
 PSYoungGen      total 202240K, used 158480K [0x00000000eab00000, 0x00000000f8700000, 0x0000000100000000)
  eden space 180736K, 87% used [0x00000000eab00000,0x00000000f45c41c8,0x00000000f5b80000)
  from space 21504K, 0% used [0x00000000f7100000,0x00000000f7100000,0x00000000f8600000)
  to   space 22016K, 0% used [0x00000000f5b80000,0x00000000f5b80000,0x00000000f7100000)
 ParOldGen       total 93696K, used 38942K [0x00000000c0000000, 0x00000000c5b80000, 0x00000000eab00000)
  object space 93696K, 41% used [0x00000000c0000000,0x00000000c26079c8,0x00000000c5b80000)
 Metaspace       used 61968K, capacity 64016K, committed 64256K, reserved 1105920K
  class space    used 7966K, capacity 8365K, committed 8448K, reserved 1048576K
Event: 946.286 GC heap after
Heap after GC invocations=28 (full 5):
 PSYoungGen      total 202752K, used 1756K [0x00000000eab00000, 0x00000000f8800000, 0x0000000100000000)
  eden space 180736K, 0% used [0x00000000eab00000,0x00000000eab00000,0x00000000f5b80000)
  from space 22016K, 7% used [0x00000000f5b80000,0x00000000f5d371b0,0x00000000f7100000)
  to   space 22528K, 0% used [0x00000000f7200000,0x00000000f7200000,0x00000000f8800000)
 ParOldGen       total 93696K, used 38950K [0x00000000c0000000, 0x00000000c5b80000, 0x00000000eab00000)
  object space 93696K, 41% used [0x00000000c0000000,0x00000000c26099c8,0x00000000c5b80000)
 Metaspace       used 61968K, capacity 64016K, committed 64256K, reserved 1105920K
  class space    used 7966K, capacity 8365K, committed 8448K, reserved 1048576K
}
Event: 946.286 GC heap before
{Heap before GC invocations=29 (full 6):
 PSYoungGen      total 202752K, used 1756K [0x00000000eab00000, 0x00000000f8800000, 0x0000000100000000)
  eden space 180736K, 0% used [0x00000000eab00000,0x00000000eab00000,0x00000000f5b80000)
  from space 22016K, 7% used [0x00000000f5b80000,0x00000000f5d371b0,0x00000000f7100000)
  to   space 22528K, 0% used [0x00000000f7200000,0x00000000f7200000,0x00000000f8800000)
 ParOldGen       total 93696K, used 38950K [0x00000000c0000000, 0x00000000c5b80000, 0x00000000eab00000)
  object space 93696K, 41% used [0x00000000c0000000,0x00000000c26099c8,0x00000000c5b80000)
 Metaspace       used 61968K, capacity 64016K, committed 64256K, reserved 1105920K
  class space    used 7966K, capacity 8365K, committed 8448K, reserved 1048576K
Event: 946.627 GC heap after
Heap after GC invocations=29 (full 6):
 PSYoungGen      total 202752K, used 0K [0x00000000eab00000, 0x00000000f8800000, 0x0000000100000000)
  eden space 180736K, 0% used [0x00000000eab00000,0x00000000eab00000,0x00000000f5b80000)
  from space 22016K, 0% used [0x00000000f5b80000,0x00000000f5b80000,0x00000000f7100000)
  to   space 22528K, 0% used [0x00000000f7200000,0x00000000f7200000,0x00000000f8800000)
 ParOldGen       total 93696K, used 38928K [0x00000000c0000000, 0x00000000c5b80000, 0x00000000eab00000)
  object space 93696K, 41% used [0x00000000c0000000,0x00000000c2604218,0x00000000c5b80000)
 Metaspace       used 61942K, capacity 63928K, committed 64256K, reserved 1105920K
  class space    used 7958K, capacity 8357K, committed 8448K, reserved 1048576K
}

